0 info it worked if it ends with ok
1 verbose cli [ 'C:\\Program Files\\nodejs\\node.exe',
1 verbose cli   'C:\\Users\\rajeev\\AppData\\Roaming\\npm\\node_modules\\npm\\bin\\npm-cli.js',
1 verbose cli   'install',
1 verbose cli   'rpi-gpio' ]
2 info using npm@3.10.7
3 info using node@v4.2.6
4 silly loadCurrentTree Starting
5 silly install loadCurrentTree
6 silly install readLocalPackageData
7 silly fetchPackageMetaData rpi-gpio
8 silly fetchNamedPackageData rpi-gpio
9 silly mapToRegistry name rpi-gpio
10 silly mapToRegistry using default registry
11 silly mapToRegistry registry https://registry.npmjs.org/
12 silly mapToRegistry data Result {
12 silly mapToRegistry   raw: 'rpi-gpio',
12 silly mapToRegistry   scope: null,
12 silly mapToRegistry   escapedName: 'rpi-gpio',
12 silly mapToRegistry   name: 'rpi-gpio',
12 silly mapToRegistry   rawSpec: '',
12 silly mapToRegistry   spec: 'latest',
12 silly mapToRegistry   type: 'tag' }
13 silly mapToRegistry uri https://registry.npmjs.org/rpi-gpio
14 verbose request uri https://registry.npmjs.org/rpi-gpio
15 verbose request no auth needed
16 info attempt registry request try #1 at 10:24:15 PM
17 verbose request id 53d57c312e05e979
18 http request GET https://registry.npmjs.org/rpi-gpio
19 http 200 https://registry.npmjs.org/rpi-gpio
20 verbose headers { server: 'CouchDB/1.6.1 (Erlang OTP/R16B03)',
20 verbose headers   etag: '"8I3WOSX8JDWBFAYJ2RU1LQEWM"',
20 verbose headers   'content-type': 'application/json',
20 verbose headers   'content-encoding': 'gzip',
20 verbose headers   'cache-control': 'max-age=300',
20 verbose headers   'content-length': '5355',
20 verbose headers   'accept-ranges': 'bytes',
20 verbose headers   date: 'Mon, 10 Oct 2016 16:54:38 GMT',
20 verbose headers   via: '1.1 varnish',
20 verbose headers   age: '0',
20 verbose headers   connection: 'keep-alive',
20 verbose headers   'x-served-by': 'cache-sin6924-SIN',
20 verbose headers   'x-cache': 'HIT',
20 verbose headers   'x-cache-hits': '1',
20 verbose headers   'x-timer': 'S1476118478.092449,VS0,VE215',
20 verbose headers   vary: 'Accept-Encoding' }
21 silly get cb [ 200,
21 silly get   { server: 'CouchDB/1.6.1 (Erlang OTP/R16B03)',
21 silly get     etag: '"8I3WOSX8JDWBFAYJ2RU1LQEWM"',
21 silly get     'content-type': 'application/json',
21 silly get     'content-encoding': 'gzip',
21 silly get     'cache-control': 'max-age=300',
21 silly get     'content-length': '5355',
21 silly get     'accept-ranges': 'bytes',
21 silly get     date: 'Mon, 10 Oct 2016 16:54:38 GMT',
21 silly get     via: '1.1 varnish',
21 silly get     age: '0',
21 silly get     connection: 'keep-alive',
21 silly get     'x-served-by': 'cache-sin6924-SIN',
21 silly get     'x-cache': 'HIT',
21 silly get     'x-cache-hits': '1',
21 silly get     'x-timer': 'S1476118478.092449,VS0,VE215',
21 silly get     vary: 'Accept-Encoding' } ]
22 verbose get saving rpi-gpio to C:\Users\rajeev\AppData\Roaming\npm-cache\registry.npmjs.org\rpi-gpio\.cache.json
23 verbose correctMkdir C:\Users\rajeev\AppData\Roaming\npm-cache correctMkdir not in flight; initializing
24 silly install normalizeTree
25 silly loadCurrentTree Finishing
26 silly loadIdealTree Starting
27 silly install loadIdealTree
28 silly cloneCurrentTree Starting
29 silly install cloneCurrentTreeToIdealTree
30 silly cloneCurrentTree Finishing
31 silly loadShrinkwrap Starting
32 silly install loadShrinkwrap
33 silly loadShrinkwrap Finishing
34 silly loadAllDepsIntoIdealTree Starting
35 silly install loadAllDepsIntoIdealTree
36 silly resolveWithNewModule rpi-gpio@0.7.0 checking installable status
37 silly cache add args [ 'rpi-gpio', null ]
38 verbose cache add spec rpi-gpio
39 silly cache add parsed spec Result {
39 silly cache add   raw: 'rpi-gpio',
39 silly cache add   scope: null,
39 silly cache add   escapedName: 'rpi-gpio',
39 silly cache add   name: 'rpi-gpio',
39 silly cache add   rawSpec: '',
39 silly cache add   spec: 'latest',
39 silly cache add   type: 'tag' }
40 silly addNamed rpi-gpio@latest
41 verbose addNamed "latest" is being treated as a dist-tag for rpi-gpio
42 info addNameTag [ 'rpi-gpio', 'latest' ]
43 silly mapToRegistry name rpi-gpio
44 silly mapToRegistry using default registry
45 silly mapToRegistry registry https://registry.npmjs.org/
46 silly mapToRegistry data Result {
46 silly mapToRegistry   raw: 'rpi-gpio',
46 silly mapToRegistry   scope: null,
46 silly mapToRegistry   escapedName: 'rpi-gpio',
46 silly mapToRegistry   name: 'rpi-gpio',
46 silly mapToRegistry   rawSpec: '',
46 silly mapToRegistry   spec: 'latest',
46 silly mapToRegistry   type: 'tag' }
47 silly mapToRegistry uri https://registry.npmjs.org/rpi-gpio
48 verbose addNameTag registry:https://registry.npmjs.org/rpi-gpio not in flight; fetching
49 verbose get https://registry.npmjs.org/rpi-gpio not expired, no request
50 silly addNameTag next cb for rpi-gpio with tag latest
51 silly addNamed rpi-gpio@0.7.0
52 verbose addNamed "0.7.0" is a plain semver version for rpi-gpio
53 silly mapToRegistry name rpi-gpio
54 silly mapToRegistry using default registry
55 silly mapToRegistry registry https://registry.npmjs.org/
56 silly mapToRegistry data Result {
56 silly mapToRegistry   raw: 'rpi-gpio',
56 silly mapToRegistry   scope: null,
56 silly mapToRegistry   escapedName: 'rpi-gpio',
56 silly mapToRegistry   name: 'rpi-gpio',
56 silly mapToRegistry   rawSpec: '',
56 silly mapToRegistry   spec: 'latest',
56 silly mapToRegistry   type: 'tag' }
57 silly mapToRegistry uri https://registry.npmjs.org/rpi-gpio
58 verbose addRemoteTarball https://registry.npmjs.org/rpi-gpio/-/rpi-gpio-0.7.0.tgz not in flight; adding
59 verbose addRemoteTarball [ 'https://registry.npmjs.org/rpi-gpio/-/rpi-gpio-0.7.0.tgz',
59 verbose addRemoteTarball   'a71ea43a2701d13ae9003ef0e46c6bcd3dc413ca' ]
60 info retry fetch attempt 1 at 10:24:29 PM
61 info attempt registry request try #1 at 10:24:29 PM
62 http fetch GET https://registry.npmjs.org/rpi-gpio/-/rpi-gpio-0.7.0.tgz
63 http fetch 200 https://registry.npmjs.org/rpi-gpio/-/rpi-gpio-0.7.0.tgz
64 silly fetchAndShaCheck shasum a71ea43a2701d13ae9003ef0e46c6bcd3dc413ca
65 verbose addTmpTarball C:\Users\rajeev\AppData\Local\Temp\npm-5520-94a219bb\registry.npmjs.org\rpi-gpio\-\rpi-gpio-0.7.0.tgz not in flight; adding
66 verbose addTmpTarball already have metadata; skipping unpack for rpi-gpio@0.7.0
67 verbose correctMkdir C:\Users\rajeev\AppData\Roaming\npm-cache correctMkdir not in flight; initializing
68 silly cache afterAdd rpi-gpio@0.7.0
69 verbose afterAdd C:\Users\rajeev\AppData\Roaming\npm-cache\rpi-gpio\0.7.0\package\package.json not in flight; writing
70 verbose correctMkdir C:\Users\rajeev\AppData\Roaming\npm-cache correctMkdir not in flight; initializing
71 verbose afterAdd C:\Users\rajeev\AppData\Roaming\npm-cache\rpi-gpio\0.7.0\package\package.json written
72 silly fetchNamedPackageData async
73 silly mapToRegistry name async
74 silly mapToRegistry using default registry
75 silly mapToRegistry registry https://registry.npmjs.org/
76 silly mapToRegistry data Result {
76 silly mapToRegistry   raw: 'async',
76 silly mapToRegistry   scope: null,
76 silly mapToRegistry   escapedName: 'async',
76 silly mapToRegistry   name: 'async',
76 silly mapToRegistry   rawSpec: '',
76 silly mapToRegistry   spec: 'latest',
76 silly mapToRegistry   type: 'tag' }
77 silly mapToRegistry uri https://registry.npmjs.org/async
78 silly fetchNamedPackageData epoll
79 silly mapToRegistry name epoll
80 silly mapToRegistry using default registry
81 silly mapToRegistry registry https://registry.npmjs.org/
82 silly mapToRegistry data Result {
82 silly mapToRegistry   raw: 'epoll',
82 silly mapToRegistry   scope: null,
82 silly mapToRegistry   escapedName: 'epoll',
82 silly mapToRegistry   name: 'epoll',
82 silly mapToRegistry   rawSpec: '',
82 silly mapToRegistry   spec: 'latest',
82 silly mapToRegistry   type: 'tag' }
83 silly mapToRegistry uri https://registry.npmjs.org/epoll
84 verbose request uri https://registry.npmjs.org/epoll
85 verbose request no auth needed
86 info attempt registry request try #1 at 10:24:32 PM
87 http request GET https://registry.npmjs.org/epoll
88 verbose request uri https://registry.npmjs.org/async
89 verbose request no auth needed
90 info attempt registry request try #1 at 10:24:33 PM
91 verbose etag "2VLM3XI2SIB1Y20UBL4KF4S5G"
92 http request GET https://registry.npmjs.org/async
93 http 200 https://registry.npmjs.org/epoll
94 verbose headers { server: 'CouchDB/1.5.0 (Erlang OTP/R16B03)',
94 verbose headers   etag: '"SC8SO2E3HUE89E4YOI0PYCED"',
94 verbose headers   'content-type': 'application/json',
94 verbose headers   'content-encoding': 'gzip',
94 verbose headers   'cache-control': 'max-age=300',
94 verbose headers   'content-length': '7084',
94 verbose headers   'accept-ranges': 'bytes',
94 verbose headers   date: 'Mon, 10 Oct 2016 16:54:46 GMT',
94 verbose headers   via: '1.1 varnish',
94 verbose headers   age: '0',
94 verbose headers   connection: 'keep-alive',
94 verbose headers   'x-served-by': 'cache-sin6924-SIN',
94 verbose headers   'x-cache': 'MISS',
94 verbose headers   'x-cache-hits': '0',
94 verbose headers   'x-timer': 'S1476118485.825824,VS0,VE276',
94 verbose headers   vary: 'Accept-Encoding' }
95 silly get cb [ 200,
95 silly get   { server: 'CouchDB/1.5.0 (Erlang OTP/R16B03)',
95 silly get     etag: '"SC8SO2E3HUE89E4YOI0PYCED"',
95 silly get     'content-type': 'application/json',
95 silly get     'content-encoding': 'gzip',
95 silly get     'cache-control': 'max-age=300',
95 silly get     'content-length': '7084',
95 silly get     'accept-ranges': 'bytes',
95 silly get     date: 'Mon, 10 Oct 2016 16:54:46 GMT',
95 silly get     via: '1.1 varnish',
95 silly get     age: '0',
95 silly get     connection: 'keep-alive',
95 silly get     'x-served-by': 'cache-sin6924-SIN',
95 silly get     'x-cache': 'MISS',
95 silly get     'x-cache-hits': '0',
95 silly get     'x-timer': 'S1476118485.825824,VS0,VE276',
95 silly get     vary: 'Accept-Encoding' } ]
96 verbose get saving epoll to C:\Users\rajeev\AppData\Roaming\npm-cache\registry.npmjs.org\epoll\.cache.json
97 verbose correctMkdir C:\Users\rajeev\AppData\Roaming\npm-cache correctMkdir not in flight; initializing
98 silly resolveWithNewModule epoll@0.1.20 checking installable status
99 silly cache add args [ 'epoll@0.1.x', null ]
100 verbose cache add spec epoll@0.1.x
101 silly cache add parsed spec Result {
101 silly cache add   raw: 'epoll@0.1.x',
101 silly cache add   scope: null,
101 silly cache add   escapedName: 'epoll',
101 silly cache add   name: 'epoll',
101 silly cache add   rawSpec: '0.1.x',
101 silly cache add   spec: '>=0.1.0 <0.2.0',
101 silly cache add   type: 'range' }
102 silly addNamed epoll@>=0.1.0 <0.2.0
103 verbose addNamed ">=0.1.0 <0.2.0" is a valid semver range for epoll
104 silly addNameRange { name: 'epoll', range: '>=0.1.0 <0.2.0', hasData: false }
105 silly mapToRegistry name epoll
106 silly mapToRegistry using default registry
107 silly mapToRegistry registry https://registry.npmjs.org/
108 silly mapToRegistry data Result {
108 silly mapToRegistry   raw: 'epoll',
108 silly mapToRegistry   scope: null,
108 silly mapToRegistry   escapedName: 'epoll',
108 silly mapToRegistry   name: 'epoll',
108 silly mapToRegistry   rawSpec: '',
108 silly mapToRegistry   spec: 'latest',
108 silly mapToRegistry   type: 'tag' }
109 silly mapToRegistry uri https://registry.npmjs.org/epoll
110 verbose addNameRange registry:https://registry.npmjs.org/epoll not in flight; fetching
111 verbose get https://registry.npmjs.org/epoll not expired, no request
112 silly addNameRange number 2 { name: 'epoll', range: '>=0.1.0 <0.2.0', hasData: true }
113 silly addNameRange versions [ 'epoll',
113 silly addNameRange   [ '0.0.1',
113 silly addNameRange     '0.0.2',
113 silly addNameRange     '0.0.3',
113 silly addNameRange     '0.0.4',
113 silly addNameRange     '0.0.5',
113 silly addNameRange     '0.0.6',
113 silly addNameRange     '0.0.7',
113 silly addNameRange     '0.0.8',
113 silly addNameRange     '0.1.0',
113 silly addNameRange     '0.1.1',
113 silly addNameRange     '0.1.2',
113 silly addNameRange     '0.1.3',
113 silly addNameRange     '0.1.4',
113 silly addNameRange     '0.1.5',
113 silly addNameRange     '0.1.7',
113 silly addNameRange     '0.1.8',
113 silly addNameRange     '0.1.9',
113 silly addNameRange     '0.1.10',
113 silly addNameRange     '0.1.11',
113 silly addNameRange     '0.1.12',
113 silly addNameRange     '0.1.13',
113 silly addNameRange     '0.1.14',
113 silly addNameRange     '0.1.15',
113 silly addNameRange     '0.1.16',
113 silly addNameRange     '0.1.17',
113 silly addNameRange     '0.1.18',
113 silly addNameRange     '0.1.19',
113 silly addNameRange     '0.1.20' ] ]
114 silly addNamed epoll@0.1.20
115 verbose addNamed "0.1.20" is a plain semver version for epoll
116 silly mapToRegistry name epoll
117 silly mapToRegistry using default registry
118 silly mapToRegistry registry https://registry.npmjs.org/
119 silly mapToRegistry data Result {
119 silly mapToRegistry   raw: 'epoll',
119 silly mapToRegistry   scope: null,
119 silly mapToRegistry   escapedName: 'epoll',
119 silly mapToRegistry   name: 'epoll',
119 silly mapToRegistry   rawSpec: '',
119 silly mapToRegistry   spec: 'latest',
119 silly mapToRegistry   type: 'tag' }
120 silly mapToRegistry uri https://registry.npmjs.org/epoll
121 verbose addRemoteTarball https://registry.npmjs.org/epoll/-/epoll-0.1.20.tgz not in flight; adding
122 verbose addRemoteTarball [ 'https://registry.npmjs.org/epoll/-/epoll-0.1.20.tgz',
122 verbose addRemoteTarball   '68a7ef9bdb7a58813ccae2f817f8beb9ea396c55' ]
123 info retry fetch attempt 1 at 10:24:36 PM
124 info attempt registry request try #1 at 10:24:36 PM
125 http fetch GET https://registry.npmjs.org/epoll/-/epoll-0.1.20.tgz
126 http 200 https://registry.npmjs.org/async
127 verbose headers { server: 'CouchDB/1.5.0 (Erlang OTP/R16B03)',
127 verbose headers   etag: '"ECXFZ8CYPR94VC4MFYEWLPFLI"',
127 verbose headers   'content-type': 'application/json',
127 verbose headers   'content-encoding': 'gzip',
127 verbose headers   'cache-control': 'max-age=300',
127 verbose headers   'content-length': '17012',
127 verbose headers   'accept-ranges': 'bytes',
127 verbose headers   date: 'Mon, 10 Oct 2016 16:54:45 GMT',
127 verbose headers   via: '1.1 varnish',
127 verbose headers   age: '122',
127 verbose headers   connection: 'keep-alive',
127 verbose headers   'x-served-by': 'cache-sin6920-SIN',
127 verbose headers   'x-cache': 'HIT',
127 verbose headers   'x-cache-hits': '7',
127 verbose headers   'x-timer': 'S1476118485.905391,VS0,VE0',
127 verbose headers   vary: 'Accept-Encoding' }
128 silly get cb [ 200,
128 silly get   { server: 'CouchDB/1.5.0 (Erlang OTP/R16B03)',
128 silly get     etag: '"ECXFZ8CYPR94VC4MFYEWLPFLI"',
128 silly get     'content-type': 'application/json',
128 silly get     'content-encoding': 'gzip',
128 silly get     'cache-control': 'max-age=300',
128 silly get     'content-length': '17012',
128 silly get     'accept-ranges': 'bytes',
128 silly get     date: 'Mon, 10 Oct 2016 16:54:45 GMT',
128 silly get     via: '1.1 varnish',
128 silly get     age: '122',
128 silly get     connection: 'keep-alive',
128 silly get     'x-served-by': 'cache-sin6920-SIN',
128 silly get     'x-cache': 'HIT',
128 silly get     'x-cache-hits': '7',
128 silly get     'x-timer': 'S1476118485.905391,VS0,VE0',
128 silly get     vary: 'Accept-Encoding' } ]
129 verbose get saving async to C:\Users\rajeev\AppData\Roaming\npm-cache\registry.npmjs.org\async\.cache.json
130 verbose correctMkdir C:\Users\rajeev\AppData\Roaming\npm-cache correctMkdir not in flight; initializing
131 silly resolveWithNewModule async@1.5.2 checking installable status
132 silly cache add args [ 'async@1.x', null ]
133 verbose cache add spec async@1.x
134 silly cache add parsed spec Result {
134 silly cache add   raw: 'async@1.x',
134 silly cache add   scope: null,
134 silly cache add   escapedName: 'async',
134 silly cache add   name: 'async',
134 silly cache add   rawSpec: '1.x',
134 silly cache add   spec: '>=1.0.0 <2.0.0',
134 silly cache add   type: 'range' }
135 silly addNamed async@>=1.0.0 <2.0.0
136 verbose addNamed ">=1.0.0 <2.0.0" is a valid semver range for async
137 silly addNameRange { name: 'async', range: '>=1.0.0 <2.0.0', hasData: false }
138 silly mapToRegistry name async
139 silly mapToRegistry using default registry
140 silly mapToRegistry registry https://registry.npmjs.org/
141 silly mapToRegistry data Result {
141 silly mapToRegistry   raw: 'async',
141 silly mapToRegistry   scope: null,
141 silly mapToRegistry   escapedName: 'async',
141 silly mapToRegistry   name: 'async',
141 silly mapToRegistry   rawSpec: '',
141 silly mapToRegistry   spec: 'latest',
141 silly mapToRegistry   type: 'tag' }
142 silly mapToRegistry uri https://registry.npmjs.org/async
143 verbose addNameRange registry:https://registry.npmjs.org/async not in flight; fetching
144 verbose get https://registry.npmjs.org/async not expired, no request
145 silly addNameRange number 2 { name: 'async', range: '>=1.0.0 <2.0.0', hasData: true }
146 silly addNameRange versions [ 'async',
146 silly addNameRange   [ '0.1.0',
146 silly addNameRange     '0.1.1',
146 silly addNameRange     '0.1.2',
146 silly addNameRange     '0.1.3',
146 silly addNameRange     '0.1.4',
146 silly addNameRange     '0.1.5',
146 silly addNameRange     '0.1.6',
146 silly addNameRange     '0.1.7',
146 silly addNameRange     '0.1.8',
146 silly addNameRange     '0.1.9',
146 silly addNameRange     '0.1.10',
146 silly addNameRange     '0.1.11',
146 silly addNameRange     '0.1.12',
146 silly addNameRange     '0.1.13',
146 silly addNameRange     '0.1.14',
146 silly addNameRange     '0.1.15',
146 silly addNameRange     '0.1.16',
146 silly addNameRange     '0.1.17',
146 silly addNameRange     '0.1.18',
146 silly addNameRange     '0.1.19',
146 silly addNameRange     '0.1.20',
146 silly addNameRange     '0.1.21',
146 silly addNameRange     '0.1.22',
146 silly addNameRange     '0.2.0',
146 silly addNameRange     '0.2.1',
146 silly addNameRange     '0.2.2',
146 silly addNameRange     '0.2.3',
146 silly addNameRange     '0.2.4',
146 silly addNameRange     '0.2.5',
146 silly addNameRange     '0.2.6',
146 silly addNameRange     '0.2.7',
146 silly addNameRange     '0.2.8',
146 silly addNameRange     '0.2.9',
146 silly addNameRange     '0.2.10',
146 silly addNameRange     '0.3.0',
146 silly addNameRange     '0.4.0',
146 silly addNameRange     '0.4.1',
146 silly addNameRange     '0.5.0',
146 silly addNameRange     '0.6.0',
146 silly addNameRange     '0.6.1',
146 silly addNameRange     '0.6.2',
146 silly addNameRange     '0.7.0',
146 silly addNameRange     '0.8.0',
146 silly addNameRange     '0.9.0',
146 silly addNameRange     '0.9.2',
146 silly addNameRange     '1.0.0',
146 silly addNameRange     '1.1.0',
146 silly addNameRange     '1.2.0',
146 silly addNameRange     '1.1.1',
146 silly addNameRange     '1.2.1',
146 silly addNameRange     '1.3.0',
146 silly addNameRange     '1.4.0',
146 silly addNameRange     '1.4.1',
146 silly addNameRange     '1.4.2',
146 silly addNameRange     '1.5.0',
146 silly addNameRange     '1.5.1',
146 silly addNameRange     '1.5.2',
146 silly addNameRange     '2.0.0-alpha.0',
146 silly addNameRange     '2.0.0-rc.1',
146 silly addNameRange     '2.0.0-rc.2',
146 silly addNameRange     '2.0.0-rc.3',
146 silly addNameRange     '2.0.0-rc.4',
146 silly addNameRange     '2.0.0-rc.5',
146 silly addNameRange     '2.0.0-rc.6',
146 silly addNameRange     '2.0.0',
146 silly addNameRange     '2.0.1' ] ]
147 silly addNamed async@1.5.2
148 verbose addNamed "1.5.2" is a plain semver version for async
149 silly cache afterAdd async@1.5.2
150 verbose afterAdd C:\Users\rajeev\AppData\Roaming\npm-cache\async\1.5.2\package\package.json not in flight; writing
151 verbose correctMkdir C:\Users\rajeev\AppData\Roaming\npm-cache correctMkdir not in flight; initializing
152 verbose afterAdd C:\Users\rajeev\AppData\Roaming\npm-cache\async\1.5.2\package\package.json written
153 http fetch 200 https://registry.npmjs.org/epoll/-/epoll-0.1.20.tgz
154 silly fetchAndShaCheck shasum 68a7ef9bdb7a58813ccae2f817f8beb9ea396c55
155 verbose addTmpTarball C:\Users\rajeev\AppData\Local\Temp\npm-5520-94a219bb\registry.npmjs.org\epoll\-\epoll-0.1.20.tgz not in flight; adding
156 verbose addTmpTarball already have metadata; skipping unpack for epoll@0.1.20
157 verbose correctMkdir C:\Users\rajeev\AppData\Roaming\npm-cache correctMkdir not in flight; initializing
158 silly cache afterAdd epoll@0.1.20
159 verbose afterAdd C:\Users\rajeev\AppData\Roaming\npm-cache\epoll\0.1.20\package\package.json not in flight; writing
160 verbose correctMkdir C:\Users\rajeev\AppData\Roaming\npm-cache correctMkdir not in flight; initializing
161 verbose afterAdd C:\Users\rajeev\AppData\Roaming\npm-cache\epoll\0.1.20\package\package.json written
162 silly fetchNamedPackageData bindings
163 silly mapToRegistry name bindings
164 silly mapToRegistry using default registry
165 silly mapToRegistry registry https://registry.npmjs.org/
166 silly mapToRegistry data Result {
166 silly mapToRegistry   raw: 'bindings',
166 silly mapToRegistry   scope: null,
166 silly mapToRegistry   escapedName: 'bindings',
166 silly mapToRegistry   name: 'bindings',
166 silly mapToRegistry   rawSpec: '',
166 silly mapToRegistry   spec: 'latest',
166 silly mapToRegistry   type: 'tag' }
167 silly mapToRegistry uri https://registry.npmjs.org/bindings
168 silly fetchNamedPackageData nan
169 silly mapToRegistry name nan
170 silly mapToRegistry using default registry
171 silly mapToRegistry registry https://registry.npmjs.org/
172 silly mapToRegistry data Result {
172 silly mapToRegistry   raw: 'nan',
172 silly mapToRegistry   scope: null,
172 silly mapToRegistry   escapedName: 'nan',
172 silly mapToRegistry   name: 'nan',
172 silly mapToRegistry   rawSpec: '',
172 silly mapToRegistry   spec: 'latest',
172 silly mapToRegistry   type: 'tag' }
173 silly mapToRegistry uri https://registry.npmjs.org/nan
174 verbose request uri https://registry.npmjs.org/nan
175 verbose request no auth needed
176 info attempt registry request try #1 at 10:24:41 PM
177 verbose etag "1YJEPM5V4XH0MZT0HV3B8R9BB"
178 http request GET https://registry.npmjs.org/nan
179 verbose request uri https://registry.npmjs.org/bindings
180 verbose request no auth needed
181 info attempt registry request try #1 at 10:24:41 PM
182 verbose etag "C1AW6UVQGY4VZQGFC1WTIGMDV"
183 http request GET https://registry.npmjs.org/bindings
184 http 304 https://registry.npmjs.org/nan
185 verbose headers { date: 'Mon, 10 Oct 2016 16:54:54 GMT',
185 verbose headers   via: '1.1 varnish',
185 verbose headers   'cache-control': 'max-age=300',
185 verbose headers   etag: '"1YJEPM5V4XH0MZT0HV3B8R9BB"',
185 verbose headers   age: '80',
185 verbose headers   connection: 'keep-alive',
185 verbose headers   'x-served-by': 'cache-sin6924-SIN',
185 verbose headers   'x-cache': 'HIT',
185 verbose headers   'x-cache-hits': '2',
185 verbose headers   'x-timer': 'S1476118494.161131,VS0,VE0',
185 verbose headers   vary: 'Accept-Encoding' }
186 silly get cb [ 304,
186 silly get   { date: 'Mon, 10 Oct 2016 16:54:54 GMT',
186 silly get     via: '1.1 varnish',
186 silly get     'cache-control': 'max-age=300',
186 silly get     etag: '"1YJEPM5V4XH0MZT0HV3B8R9BB"',
186 silly get     age: '80',
186 silly get     connection: 'keep-alive',
186 silly get     'x-served-by': 'cache-sin6924-SIN',
186 silly get     'x-cache': 'HIT',
186 silly get     'x-cache-hits': '2',
186 silly get     'x-timer': 'S1476118494.161131,VS0,VE0',
186 silly get     vary: 'Accept-Encoding' } ]
187 verbose etag https://registry.npmjs.org/nan from cache
188 verbose get saving nan to C:\Users\rajeev\AppData\Roaming\npm-cache\registry.npmjs.org\nan\.cache.json
189 verbose correctMkdir C:\Users\rajeev\AppData\Roaming\npm-cache correctMkdir not in flight; initializing
190 silly resolveWithNewModule nan@2.4.0 checking installable status
191 silly cache add args [ 'nan@~2.4.0', null ]
192 verbose cache add spec nan@~2.4.0
193 silly cache add parsed spec Result {
193 silly cache add   raw: 'nan@~2.4.0',
193 silly cache add   scope: null,
193 silly cache add   escapedName: 'nan',
193 silly cache add   name: 'nan',
193 silly cache add   rawSpec: '~2.4.0',
193 silly cache add   spec: '>=2.4.0 <2.5.0',
193 silly cache add   type: 'range' }
194 silly addNamed nan@>=2.4.0 <2.5.0
195 verbose addNamed ">=2.4.0 <2.5.0" is a valid semver range for nan
196 silly addNameRange { name: 'nan', range: '>=2.4.0 <2.5.0', hasData: false }
197 silly mapToRegistry name nan
198 silly mapToRegistry using default registry
199 silly mapToRegistry registry https://registry.npmjs.org/
200 silly mapToRegistry data Result {
200 silly mapToRegistry   raw: 'nan',
200 silly mapToRegistry   scope: null,
200 silly mapToRegistry   escapedName: 'nan',
200 silly mapToRegistry   name: 'nan',
200 silly mapToRegistry   rawSpec: '',
200 silly mapToRegistry   spec: 'latest',
200 silly mapToRegistry   type: 'tag' }
201 silly mapToRegistry uri https://registry.npmjs.org/nan
202 verbose addNameRange registry:https://registry.npmjs.org/nan not in flight; fetching
203 verbose get https://registry.npmjs.org/nan not expired, no request
204 silly addNameRange number 2 { name: 'nan', range: '>=2.4.0 <2.5.0', hasData: true }
205 silly addNameRange versions [ 'nan',
205 silly addNameRange   [ '0.3.0-wip',
205 silly addNameRange     '0.3.0-wip2',
205 silly addNameRange     '0.3.0',
205 silly addNameRange     '0.3.1',
205 silly addNameRange     '0.3.2',
205 silly addNameRange     '0.4.0',
205 silly addNameRange     '0.4.1',
205 silly addNameRange     '0.4.2',
205 silly addNameRange     '0.4.3',
205 silly addNameRange     '0.4.4',
205 silly addNameRange     '0.5.0',
205 silly addNameRange     '0.5.1',
205 silly addNameRange     '0.5.2',
205 silly addNameRange     '0.6.0',
205 silly addNameRange     '0.7.0',
205 silly addNameRange     '0.7.1',
205 silly addNameRange     '0.8.0',
205 silly addNameRange     '1.0.0',
205 silly addNameRange     '1.1.0',
205 silly addNameRange     '1.1.1',
205 silly addNameRange     '1.1.2',
205 silly addNameRange     '1.2.0',
205 silly addNameRange     '1.3.0',
205 silly addNameRange     '1.4.0',
205 silly addNameRange     '1.4.1',
205 silly addNameRange     '1.5.0',
205 silly addNameRange     '1.4.2',
205 silly addNameRange     '1.4.3',
205 silly addNameRange     '1.5.1',
205 silly addNameRange     '1.5.2',
205 silly addNameRange     '1.6.0',
205 silly addNameRange     '1.5.3',
205 silly addNameRange     '1.6.1',
205 silly addNameRange     '1.6.2',
205 silly addNameRange     '1.7.0',
205 silly addNameRange     '1.8.0',
205 silly addNameRange     '1.8.1',
205 silly addNameRange     '1.8.2',
205 silly addNameRange     '1.8.3',
205 silly addNameRange     '1.8.4',
205 silly addNameRange     '1.9.0',
205 silly addNameRange     '2.0.0',
205 silly addNameRange     '2.0.1',
205 silly addNameRange     '2.0.2',
205 silly addNameRange     '2.0.3',
205 silly addNameRange     '2.0.4',
205 silly addNameRange     '2.0.5',
205 silly addNameRange     '2.0.6',
205 silly addNameRange     '2.0.7',
205 silly addNameRange     '2.0.8',
205 silly addNameRange     '2.0.9',
205 silly addNameRange     '2.1.0',
205 silly addNameRange     '2.2.0',
205 silly addNameRange     '2.2.1',
205 silly addNameRange     '2.3.0',
205 silly addNameRange     '2.3.1',
205 silly addNameRange     '2.3.2',
205 silly addNameRange     '2.3.3',
205 silly addNameRange     '2.3.4',
205 silly addNameRange     '2.3.5',
205 silly addNameRange     '2.4.0' ] ]
206 silly addNamed nan@2.4.0
207 verbose addNamed "2.4.0" is a plain semver version for nan
208 http 304 https://registry.npmjs.org/bindings
209 verbose headers { date: 'Mon, 10 Oct 2016 16:54:54 GMT',
209 verbose headers   via: '1.1 varnish',
209 verbose headers   'cache-control': 'max-age=300',
209 verbose headers   etag: '"C1AW6UVQGY4VZQGFC1WTIGMDV"',
209 verbose headers   age: '0',
209 verbose headers   connection: 'keep-alive',
209 verbose headers   'x-served-by': 'cache-sin6927-SIN',
209 verbose headers   'x-cache': 'HIT',
209 verbose headers   'x-cache-hits': '1',
209 verbose headers   'x-timer': 'S1476118494.172260,VS0,VE252',
209 verbose headers   vary: 'Accept-Encoding' }
210 silly get cb [ 304,
210 silly get   { date: 'Mon, 10 Oct 2016 16:54:54 GMT',
210 silly get     via: '1.1 varnish',
210 silly get     'cache-control': 'max-age=300',
210 silly get     etag: '"C1AW6UVQGY4VZQGFC1WTIGMDV"',
210 silly get     age: '0',
210 silly get     connection: 'keep-alive',
210 silly get     'x-served-by': 'cache-sin6927-SIN',
210 silly get     'x-cache': 'HIT',
210 silly get     'x-cache-hits': '1',
210 silly get     'x-timer': 'S1476118494.172260,VS0,VE252',
210 silly get     vary: 'Accept-Encoding' } ]
211 verbose etag https://registry.npmjs.org/bindings from cache
212 verbose get saving bindings to C:\Users\rajeev\AppData\Roaming\npm-cache\registry.npmjs.org\bindings\.cache.json
213 verbose correctMkdir C:\Users\rajeev\AppData\Roaming\npm-cache correctMkdir not in flight; initializing
214 silly resolveWithNewModule bindings@1.2.1 checking installable status
215 silly cache add args [ 'bindings@~1.2.1', null ]
216 verbose cache add spec bindings@~1.2.1
217 silly cache add parsed spec Result {
217 silly cache add   raw: 'bindings@~1.2.1',
217 silly cache add   scope: null,
217 silly cache add   escapedName: 'bindings',
217 silly cache add   name: 'bindings',
217 silly cache add   rawSpec: '~1.2.1',
217 silly cache add   spec: '>=1.2.1 <1.3.0',
217 silly cache add   type: 'range' }
218 silly addNamed bindings@>=1.2.1 <1.3.0
219 verbose addNamed ">=1.2.1 <1.3.0" is a valid semver range for bindings
220 silly addNameRange { name: 'bindings', range: '>=1.2.1 <1.3.0', hasData: false }
221 silly mapToRegistry name bindings
222 silly mapToRegistry using default registry
223 silly mapToRegistry registry https://registry.npmjs.org/
224 silly mapToRegistry data Result {
224 silly mapToRegistry   raw: 'bindings',
224 silly mapToRegistry   scope: null,
224 silly mapToRegistry   escapedName: 'bindings',
224 silly mapToRegistry   name: 'bindings',
224 silly mapToRegistry   rawSpec: '',
224 silly mapToRegistry   spec: 'latest',
224 silly mapToRegistry   type: 'tag' }
225 silly mapToRegistry uri https://registry.npmjs.org/bindings
226 verbose addNameRange registry:https://registry.npmjs.org/bindings not in flight; fetching
227 silly cache afterAdd nan@2.4.0
228 verbose afterAdd C:\Users\rajeev\AppData\Roaming\npm-cache\nan\2.4.0\package\package.json not in flight; writing
229 verbose correctMkdir C:\Users\rajeev\AppData\Roaming\npm-cache correctMkdir not in flight; initializing
230 verbose get https://registry.npmjs.org/bindings not expired, no request
231 silly addNameRange number 2 { name: 'bindings', range: '>=1.2.1 <1.3.0', hasData: true }
232 silly addNameRange versions [ 'bindings',
232 silly addNameRange   [ '0.0.1',
232 silly addNameRange     '0.1.0',
232 silly addNameRange     '0.1.1',
232 silly addNameRange     '0.2.0',
232 silly addNameRange     '0.2.1',
232 silly addNameRange     '0.2.2',
232 silly addNameRange     '0.2.3',
232 silly addNameRange     '0.2.4',
232 silly addNameRange     '0.3.0',
232 silly addNameRange     '0.4.0',
232 silly addNameRange     '1.0.0',
232 silly addNameRange     '1.1.0',
232 silly addNameRange     '1.1.1',
232 silly addNameRange     '1.2.0',
232 silly addNameRange     '1.2.1' ] ]
233 silly addNamed bindings@1.2.1
234 verbose addNamed "1.2.1" is a plain semver version for bindings
235 verbose afterAdd C:\Users\rajeev\AppData\Roaming\npm-cache\nan\2.4.0\package\package.json written
236 silly cache afterAdd bindings@1.2.1
237 verbose afterAdd C:\Users\rajeev\AppData\Roaming\npm-cache\bindings\1.2.1\package\package.json not in flight; writing
238 verbose correctMkdir C:\Users\rajeev\AppData\Roaming\npm-cache correctMkdir not in flight; initializing
239 verbose afterAdd C:\Users\rajeev\AppData\Roaming\npm-cache\bindings\1.2.1\package\package.json written
240 silly loadAllDepsIntoIdealTree Finishing
241 silly loadIdealTree Finishing
242 silly currentTree flms@1.0.0
242 silly currentTree +-- accepts@1.2.13
242 silly currentTree +-- acorn@1.2.2
242 silly currentTree +-- array-flatten@1.1.1
242 silly currentTree +-- ast-types@0.8.16
242 silly currentTree +-- base64-url@1.2.1
242 silly currentTree +-- body-parser@1.15.0
242 silly currentTree | +-- http-errors@1.4.0
242 silly currentTree | `-- qs@6.1.0
242 silly currentTree +-- bson@0.4.23
242 silly currentTree +-- bytes@2.2.0
242 silly currentTree +-- child_process@1.0.2
242 silly currentTree +-- content-disposition@0.5.1
242 silly currentTree +-- content-type@1.0.1
242 silly currentTree +-- cookie-signature@1.0.6
242 silly currentTree +-- cookie@0.1.5
242 silly currentTree +-- core-util-is@1.0.2
242 silly currentTree +-- crc@3.4.0
242 silly currentTree +-- debug@2.2.0
242 silly currentTree +-- depd@1.1.0
242 silly currentTree +-- destroy@1.0.4
242 silly currentTree +-- each-series@1.0.0
242 silly currentTree +-- ee-first@1.1.1
242 silly currentTree +-- es6-promise@3.0.2
242 silly currentTree +-- escape-html@1.0.3
242 silly currentTree +-- esmangle-evaluator@1.0.0
242 silly currentTree +-- esprima@2.7.2
242 silly currentTree +-- etag@1.7.0
242 silly currentTree +-- express-session@1.13.0
242 silly currentTree | `-- cookie@0.2.3
242 silly currentTree +-- express@4.13.4
242 silly currentTree +-- falafel@1.2.0
242 silly currentTree +-- fd-slicer@1.0.1
242 silly currentTree +-- finalhandler@0.4.1
242 silly currentTree +-- foreach@2.0.5
242 silly currentTree +-- forwarded@0.1.0
242 silly currentTree +-- fresh@0.3.0
242 silly currentTree +-- http-errors@1.3.1
242 silly currentTree +-- iconv-lite@0.4.13
242 silly currentTree +-- inherits@2.0.1
242 silly currentTree +-- inline-process-browser@2.0.1
242 silly currentTree +-- ipaddr.js@1.0.5
242 silly currentTree +-- isarray@0.0.1
242 silly currentTree +-- media-typer@0.3.0
242 silly currentTree +-- merge-descriptors@1.0.1
242 silly currentTree +-- methods@1.1.2
242 silly currentTree +-- mime-db@1.22.0
242 silly currentTree +-- mime-types@2.1.10
242 silly currentTree +-- mime@1.3.4
242 silly currentTree +-- mongodb-core@1.3.18
242 silly currentTree +-- mongodb@2.1.18
242 silly currentTree | `-- readable-stream@1.0.31
242 silly currentTree +-- mongojs@2.4.0
242 silly currentTree +-- ms@0.7.1
242 silly currentTree +-- multiparty@4.1.2
242 silly currentTree +-- negotiator@0.5.3
242 silly currentTree +-- node@0.0.0
242 silly currentTree +-- object-keys@1.0.9
242 silly currentTree +-- on-finished@2.3.0
242 silly currentTree +-- on-headers@1.0.1
242 silly currentTree +-- once@1.3.3
242 silly currentTree +-- parse-mongo-url@1.1.1
242 silly currentTree +-- parseurl@1.3.1
242 silly currentTree +-- path-to-regexp@0.1.7
242 silly currentTree +-- pend@1.2.0
242 silly currentTree +-- private@0.1.6
242 silly currentTree +-- process-nextick-args@1.0.6
242 silly currentTree +-- proxy-addr@1.0.10
242 silly currentTree +-- python-shell@0.4.0
242 silly currentTree +-- qs@4.0.0
242 silly currentTree +-- range-parser@1.0.3
242 silly currentTree +-- raw-body@2.1.6
242 silly currentTree | `-- bytes@2.3.0
242 silly currentTree +-- readable-stream@2.1.0
242 silly currentTree | `-- isarray@1.0.0
242 silly currentTree +-- recast@0.11.5
242 silly currentTree +-- require_optional@1.0.0
242 silly currentTree +-- resolve-from@2.0.0
242 silly currentTree +-- semver@5.1.0
242 silly currentTree +-- send@0.13.1
242 silly currentTree +-- serve-static@1.10.2
242 silly currentTree +-- source-map@0.5.5
242 silly currentTree +-- statuses@1.2.1
242 silly currentTree +-- string_decoder@0.10.31
242 silly currentTree +-- through2@0.6.5
242 silly currentTree | `-- readable-stream@1.0.34
242 silly currentTree +-- thunky@0.1.0
242 silly currentTree +-- to-mongodb-core@2.0.0
242 silly currentTree +-- type-is@1.6.12
242 silly currentTree +-- uid-safe@2.0.0
242 silly currentTree +-- unpipe@1.0.0
242 silly currentTree +-- unreachable-branch-transform@0.5.1
242 silly currentTree +-- util-deprecate@1.0.2
242 silly currentTree +-- utils-merge@1.0.0
242 silly currentTree +-- vary@1.0.1
242 silly currentTree +-- wrappy@1.0.1
242 silly currentTree `-- xtend@4.0.1
243 silly idealTree flms@1.0.0
243 silly idealTree +-- accepts@1.2.13
243 silly idealTree +-- acorn@1.2.2
243 silly idealTree +-- array-flatten@1.1.1
243 silly idealTree +-- ast-types@0.8.16
243 silly idealTree +-- async@1.5.2
243 silly idealTree +-- base64-url@1.2.1
243 silly idealTree +-- bindings@1.2.1
243 silly idealTree +-- body-parser@1.15.0
243 silly idealTree | +-- http-errors@1.4.0
243 silly idealTree | `-- qs@6.1.0
243 silly idealTree +-- bson@0.4.23
243 silly idealTree +-- bytes@2.2.0
243 silly idealTree +-- child_process@1.0.2
243 silly idealTree +-- content-disposition@0.5.1
243 silly idealTree +-- content-type@1.0.1
243 silly idealTree +-- cookie-signature@1.0.6
243 silly idealTree +-- cookie@0.1.5
243 silly idealTree +-- core-util-is@1.0.2
243 silly idealTree +-- crc@3.4.0
243 silly idealTree +-- debug@2.2.0
243 silly idealTree +-- depd@1.1.0
243 silly idealTree +-- destroy@1.0.4
243 silly idealTree +-- each-series@1.0.0
243 silly idealTree +-- ee-first@1.1.1
243 silly idealTree +-- epoll@0.1.20
243 silly idealTree +-- es6-promise@3.0.2
243 silly idealTree +-- escape-html@1.0.3
243 silly idealTree +-- esmangle-evaluator@1.0.0
243 silly idealTree +-- esprima@2.7.2
243 silly idealTree +-- etag@1.7.0
243 silly idealTree +-- express-session@1.13.0
243 silly idealTree | `-- cookie@0.2.3
243 silly idealTree +-- express@4.13.4
243 silly idealTree +-- falafel@1.2.0
243 silly idealTree +-- fd-slicer@1.0.1
243 silly idealTree +-- finalhandler@0.4.1
243 silly idealTree +-- foreach@2.0.5
243 silly idealTree +-- forwarded@0.1.0
243 silly idealTree +-- fresh@0.3.0
243 silly idealTree +-- http-errors@1.3.1
243 silly idealTree +-- iconv-lite@0.4.13
243 silly idealTree +-- inherits@2.0.1
243 silly idealTree +-- inline-process-browser@2.0.1
243 silly idealTree +-- ipaddr.js@1.0.5
243 silly idealTree +-- isarray@0.0.1
243 silly idealTree +-- media-typer@0.3.0
243 silly idealTree +-- merge-descriptors@1.0.1
243 silly idealTree +-- methods@1.1.2
243 silly idealTree +-- mime-db@1.22.0
243 silly idealTree +-- mime-types@2.1.10
243 silly idealTree +-- mime@1.3.4
243 silly idealTree +-- mongodb-core@1.3.18
243 silly idealTree +-- mongodb@2.1.18
243 silly idealTree | `-- readable-stream@1.0.31
243 silly idealTree +-- mongojs@2.4.0
243 silly idealTree +-- ms@0.7.1
243 silly idealTree +-- multiparty@4.1.2
243 silly idealTree +-- nan@2.4.0
243 silly idealTree +-- negotiator@0.5.3
243 silly idealTree +-- node@0.0.0
243 silly idealTree +-- object-keys@1.0.9
243 silly idealTree +-- on-finished@2.3.0
243 silly idealTree +-- on-headers@1.0.1
243 silly idealTree +-- once@1.3.3
243 silly idealTree +-- parse-mongo-url@1.1.1
243 silly idealTree +-- parseurl@1.3.1
243 silly idealTree +-- path-to-regexp@0.1.7
243 silly idealTree +-- pend@1.2.0
243 silly idealTree +-- private@0.1.6
243 silly idealTree +-- process-nextick-args@1.0.6
243 silly idealTree +-- proxy-addr@1.0.10
243 silly idealTree +-- python-shell@0.4.0
243 silly idealTree +-- qs@4.0.0
243 silly idealTree +-- range-parser@1.0.3
243 silly idealTree +-- raw-body@2.1.6
243 silly idealTree | `-- bytes@2.3.0
243 silly idealTree +-- readable-stream@2.1.0
243 silly idealTree | `-- isarray@1.0.0
243 silly idealTree +-- recast@0.11.5
243 silly idealTree +-- require_optional@1.0.0
243 silly idealTree +-- resolve-from@2.0.0
243 silly idealTree +-- rpi-gpio@0.7.0
243 silly idealTree +-- semver@5.1.0
243 silly idealTree +-- send@0.13.1
243 silly idealTree +-- serve-static@1.10.2
243 silly idealTree +-- source-map@0.5.5
243 silly idealTree +-- statuses@1.2.1
243 silly idealTree +-- string_decoder@0.10.31
243 silly idealTree +-- through2@0.6.5
243 silly idealTree | `-- readable-stream@1.0.34
243 silly idealTree +-- thunky@0.1.0
243 silly idealTree +-- to-mongodb-core@2.0.0
243 silly idealTree +-- type-is@1.6.12
243 silly idealTree +-- uid-safe@2.0.0
243 silly idealTree +-- unpipe@1.0.0
243 silly idealTree +-- unreachable-branch-transform@0.5.1
243 silly idealTree +-- util-deprecate@1.0.2
243 silly idealTree +-- utils-merge@1.0.0
243 silly idealTree +-- vary@1.0.1
243 silly idealTree +-- wrappy@1.0.1
243 silly idealTree `-- xtend@4.0.1
244 silly generateActionsToTake Starting
245 silly install generateActionsToTake
246 silly generateActionsToTake Finishing
247 silly diffTrees action count 5
248 silly diffTrees add bindings@1.2.1
249 silly diffTrees add nan@2.4.0
250 silly diffTrees add async@1.5.2
251 silly diffTrees add epoll@0.1.20
252 silly diffTrees add rpi-gpio@0.7.0
253 silly decomposeActions action count 40
254 silly decomposeActions fetch bindings@1.2.1
255 silly decomposeActions extract bindings@1.2.1
256 silly decomposeActions test bindings@1.2.1
257 silly decomposeActions preinstall bindings@1.2.1
258 silly decomposeActions build bindings@1.2.1
259 silly decomposeActions install bindings@1.2.1
260 silly decomposeActions postinstall bindings@1.2.1
261 silly decomposeActions finalize bindings@1.2.1
262 silly decomposeActions fetch nan@2.4.0
263 silly decomposeActions extract nan@2.4.0
264 silly decomposeActions test nan@2.4.0
265 silly decomposeActions preinstall nan@2.4.0
266 silly decomposeActions build nan@2.4.0
267 silly decomposeActions install nan@2.4.0
268 silly decomposeActions postinstall nan@2.4.0
269 silly decomposeActions finalize nan@2.4.0
270 silly decomposeActions fetch async@1.5.2
271 silly decomposeActions extract async@1.5.2
272 silly decomposeActions test async@1.5.2
273 silly decomposeActions preinstall async@1.5.2
274 silly decomposeActions build async@1.5.2
275 silly decomposeActions install async@1.5.2
276 silly decomposeActions postinstall async@1.5.2
277 silly decomposeActions finalize async@1.5.2
278 silly decomposeActions fetch epoll@0.1.20
279 silly decomposeActions extract epoll@0.1.20
280 silly decomposeActions test epoll@0.1.20
281 silly decomposeActions preinstall epoll@0.1.20
282 silly decomposeActions build epoll@0.1.20
283 silly decomposeActions install epoll@0.1.20
284 silly decomposeActions postinstall epoll@0.1.20
285 silly decomposeActions finalize epoll@0.1.20
286 silly decomposeActions fetch rpi-gpio@0.7.0
287 silly decomposeActions extract rpi-gpio@0.7.0
288 silly decomposeActions test rpi-gpio@0.7.0
289 silly decomposeActions preinstall rpi-gpio@0.7.0
290 silly decomposeActions build rpi-gpio@0.7.0
291 silly decomposeActions install rpi-gpio@0.7.0
292 silly decomposeActions postinstall rpi-gpio@0.7.0
293 silly decomposeActions finalize rpi-gpio@0.7.0
294 silly runTopLevelLifecycles Starting
295 silly executeActions Starting
296 silly install executeActions
297 silly doSerial global-install 0
298 silly doParallel fetch 5
299 verbose correctMkdir C:\Users\rajeev\AppData\Roaming\npm-cache\_locks correctMkdir not in flight; initializing
300 verbose lock using C:\Users\rajeev\AppData\Roaming\npm-cache\_locks\staging-e7341d6606ac976f.lock for F:\website\ipl5th_sem_working\node_modules\.staging
301 silly doParallel extract 5
302 silly extract bindings@1.2.1
303 silly extract nan@2.4.0
304 silly extract async@1.5.2
305 silly extract epoll@0.1.20
306 silly extract rpi-gpio@0.7.0
307 verbose unbuild node_modules\.staging\bindings-a4e2bdf1
308 verbose unbuild node_modules\.staging\nan-d885283d
309 verbose unbuild node_modules\.staging\async-b0feb286
310 verbose unbuild node_modules\.staging\epoll-3c8f161f
311 verbose unbuild node_modules\.staging\rpi-gpio-dfddee29
312 silly gentlyRm F:\website\ipl5th_sem_working\node_modules\.staging\bindings-a4e2bdf1 is being purged from base F:\website\ipl5th_sem_working
313 verbose gentlyRm don't care about contents; nuking F:\website\ipl5th_sem_working\node_modules\.staging\bindings-a4e2bdf1
314 silly gentlyRm F:\website\ipl5th_sem_working\node_modules\.staging\nan-d885283d is being purged from base F:\website\ipl5th_sem_working
315 verbose gentlyRm don't care about contents; nuking F:\website\ipl5th_sem_working\node_modules\.staging\nan-d885283d
316 silly gentlyRm F:\website\ipl5th_sem_working\node_modules\.staging\async-b0feb286 is being purged from base F:\website\ipl5th_sem_working
317 verbose gentlyRm don't care about contents; nuking F:\website\ipl5th_sem_working\node_modules\.staging\async-b0feb286
318 silly gentlyRm F:\website\ipl5th_sem_working\node_modules\.staging\epoll-3c8f161f is being purged from base F:\website\ipl5th_sem_working
319 verbose gentlyRm don't care about contents; nuking F:\website\ipl5th_sem_working\node_modules\.staging\epoll-3c8f161f
320 verbose tar unpack C:\Users\rajeev\AppData\Roaming\npm-cache\bindings\1.2.1\package.tgz
321 verbose tar unpacking to F:\website\ipl5th_sem_working\node_modules\.staging\bindings-a4e2bdf1
322 silly gentlyRm F:\website\ipl5th_sem_working\node_modules\.staging\bindings-a4e2bdf1 is being purged
323 verbose gentlyRm don't care about contents; nuking F:\website\ipl5th_sem_working\node_modules\.staging\bindings-a4e2bdf1
324 verbose tar unpack C:\Users\rajeev\AppData\Roaming\npm-cache\nan\2.4.0\package.tgz
325 verbose tar unpacking to F:\website\ipl5th_sem_working\node_modules\.staging\nan-d885283d
326 silly gentlyRm F:\website\ipl5th_sem_working\node_modules\.staging\nan-d885283d is being purged
327 verbose gentlyRm don't care about contents; nuking F:\website\ipl5th_sem_working\node_modules\.staging\nan-d885283d
328 verbose tar unpack C:\Users\rajeev\AppData\Roaming\npm-cache\async\1.5.2\package.tgz
329 verbose tar unpacking to F:\website\ipl5th_sem_working\node_modules\.staging\async-b0feb286
330 silly gentlyRm F:\website\ipl5th_sem_working\node_modules\.staging\async-b0feb286 is being purged
331 verbose gentlyRm don't care about contents; nuking F:\website\ipl5th_sem_working\node_modules\.staging\async-b0feb286
332 verbose tar unpack C:\Users\rajeev\AppData\Roaming\npm-cache\epoll\0.1.20\package.tgz
333 verbose tar unpacking to F:\website\ipl5th_sem_working\node_modules\.staging\epoll-3c8f161f
334 silly gentlyRm F:\website\ipl5th_sem_working\node_modules\.staging\epoll-3c8f161f is being purged
335 verbose gentlyRm don't care about contents; nuking F:\website\ipl5th_sem_working\node_modules\.staging\epoll-3c8f161f
336 silly gentlyRm F:\website\ipl5th_sem_working\node_modules\.staging\rpi-gpio-dfddee29 is being purged from base F:\website\ipl5th_sem_working
337 verbose gentlyRm don't care about contents; nuking F:\website\ipl5th_sem_working\node_modules\.staging\rpi-gpio-dfddee29
338 silly gunzTarPerm modes [ '777', '666' ]
339 silly gunzTarPerm modes [ '777', '666' ]
340 silly gunzTarPerm modes [ '777', '666' ]
341 silly gunzTarPerm modes [ '777', '666' ]
342 verbose tar unpack C:\Users\rajeev\AppData\Roaming\npm-cache\rpi-gpio\0.7.0\package.tgz
343 verbose tar unpacking to F:\website\ipl5th_sem_working\node_modules\.staging\rpi-gpio-dfddee29
344 silly gentlyRm F:\website\ipl5th_sem_working\node_modules\.staging\rpi-gpio-dfddee29 is being purged
345 verbose gentlyRm don't care about contents; nuking F:\website\ipl5th_sem_working\node_modules\.staging\rpi-gpio-dfddee29
346 silly gunzTarPerm modes [ '777', '666' ]
347 silly gunzTarPerm extractEntry package.json
348 silly gunzTarPerm modified mode [ 'package.json', 436, 438 ]
349 silly gunzTarPerm extractEntry package.json
350 silly gunzTarPerm modified mode [ 'package.json', 420, 438 ]
351 silly gunzTarPerm extractEntry package.json
352 silly gunzTarPerm modified mode [ 'package.json', 436, 438 ]
353 silly gunzTarPerm extractEntry package.json
354 silly gunzTarPerm modified mode [ 'package.json', 436, 438 ]
355 silly gunzTarPerm extractEntry package.json
356 silly gunzTarPerm modified mode [ 'package.json', 436, 438 ]
357 silly gunzTarPerm extractEntry README.md
358 silly gunzTarPerm modified mode [ 'README.md', 436, 438 ]
359 silly gunzTarPerm extractEntry README.md
360 silly gunzTarPerm modified mode [ 'README.md', 420, 438 ]
361 silly gunzTarPerm extractEntry bindings.js
362 silly gunzTarPerm modified mode [ 'bindings.js', 420, 438 ]
363 silly gunzTarPerm extractEntry include_dirs.js
364 silly gunzTarPerm modified mode [ 'include_dirs.js', 436, 438 ]
365 silly gunzTarPerm extractEntry .npmignore
366 silly gunzTarPerm modified mode [ '.npmignore', 436, 438 ]
367 silly gunzTarPerm extractEntry README.md
368 silly gunzTarPerm modified mode [ 'README.md', 436, 438 ]
369 silly gunzTarPerm extractEntry README.md
370 silly gunzTarPerm modified mode [ 'README.md', 436, 438 ]
371 silly gunzTarPerm extractEntry LICENSE
372 silly gunzTarPerm modified mode [ 'LICENSE', 436, 438 ]
373 silly gunzTarPerm extractEntry .npmignore
374 silly gunzTarPerm modified mode [ '.npmignore', 509, 511 ]
375 silly gunzTarPerm extractEntry README.md
376 silly gunzTarPerm modified mode [ 'README.md', 509, 511 ]
377 silly gunzTarPerm extractEntry nan_callbacks_pre_12_inl.h
378 silly gunzTarPerm modified mode [ 'nan_callbacks_pre_12_inl.h', 436, 438 ]
379 silly gunzTarPerm extractEntry CHANGELOG.md
380 silly gunzTarPerm modified mode [ 'CHANGELOG.md', 436, 438 ]
381 silly gunzTarPerm extractEntry LICENSE.md
382 silly gunzTarPerm modified mode [ 'LICENSE.md', 436, 438 ]
383 silly gunzTarPerm extractEntry doc/node_misc.md
384 silly gunzTarPerm modified mode [ 'doc/node_misc.md', 436, 438 ]
385 silly gunzTarPerm extractEntry LICENSE
386 silly gunzTarPerm modified mode [ 'LICENSE', 436, 438 ]
387 silly gunzTarPerm extractEntry epoll.js
388 silly gunzTarPerm modified mode [ 'epoll.js', 436, 438 ]
389 silly gunzTarPerm extractEntry rpi-gpio.js
390 silly gunzTarPerm modified mode [ 'rpi-gpio.js', 509, 511 ]
391 silly gunzTarPerm extractEntry .travis.yml
392 silly gunzTarPerm modified mode [ '.travis.yml', 509, 511 ]
393 silly gunzTarPerm extractEntry MIT-LICENSE.txt
394 silly gunzTarPerm modified mode [ 'MIT-LICENSE.txt', 436, 438 ]
395 silly gunzTarPerm extractEntry test/main.js
396 silly gunzTarPerm modified mode [ 'test/main.js', 509, 511 ]
397 silly gunzTarPerm extractEntry test/integration/main.js
398 silly gunzTarPerm modified mode [ 'test/integration/main.js', 436, 438 ]
399 silly gunzTarPerm extractEntry doc/asyncworker.md
400 silly gunzTarPerm modified mode [ 'doc/asyncworker.md', 436, 438 ]
401 silly gunzTarPerm extractEntry doc/callback.md
402 silly gunzTarPerm modified mode [ 'doc/callback.md', 436, 438 ]
403 silly gunzTarPerm extractEntry History.md
404 silly gunzTarPerm modified mode [ 'History.md', 436, 438 ]
405 silly gunzTarPerm extractEntry binding.gyp
406 silly gunzTarPerm modified mode [ 'binding.gyp', 436, 438 ]
407 silly gunzTarPerm extractEntry example/interrupts-per-second/interrupts-per-second.js
408 silly gunzTarPerm modified mode [ 'example/interrupts-per-second/interrupts-per-second.js',
408 silly gunzTarPerm   436,
408 silly gunzTarPerm   438 ]
409 silly gunzTarPerm extractEntry example/interrupts-per-second/export
410 silly gunzTarPerm modified mode [ 'example/interrupts-per-second/export', 509, 511 ]
411 silly gunzTarPerm extractEntry example/interrupts-per-second/unexport
412 silly gunzTarPerm modified mode [ 'example/interrupts-per-second/unexport', 509, 511 ]
413 silly gunzTarPerm extractEntry example/watch-button/watch-button.js
414 silly gunzTarPerm modified mode [ 'example/watch-button/watch-button.js', 436, 438 ]
415 silly gunzTarPerm extractEntry example/watch-button/export
416 silly gunzTarPerm modified mode [ 'example/watch-button/export', 509, 511 ]
417 silly gunzTarPerm extractEntry example/watch-button/unexport
418 silly gunzTarPerm modified mode [ 'example/watch-button/unexport', 509, 511 ]
419 silly gunzTarPerm extractEntry src/epoll.cc
420 silly gunzTarPerm modified mode [ 'src/epoll.cc', 436, 438 ]
421 silly gunzTarPerm extractEntry src/epoll.h
422 silly gunzTarPerm modified mode [ 'src/epoll.h', 436, 438 ]
423 silly gunzTarPerm extractEntry test/brute-force-leak-check.js
424 silly gunzTarPerm modified mode [ 'test/brute-force-leak-check.js', 436, 438 ]
425 silly gunzTarPerm extractEntry test/do-almost-nothing.js
426 silly gunzTarPerm modified mode [ 'test/do-almost-nothing.js', 436, 438 ]
427 silly gunzTarPerm extractEntry test/do-nothing.js
428 silly gunzTarPerm modified mode [ 'test/do-nothing.js', 436, 438 ]
429 silly gunzTarPerm extractEntry test/no-gc-allowed.js
430 silly gunzTarPerm modified mode [ 'test/no-gc-allowed.js', 436, 438 ]
431 silly gunzTarPerm extractEntry test/closed.js
432 silly gunzTarPerm modified mode [ 'test/closed.js', 436, 438 ]
433 silly gunzTarPerm extractEntry test/performance-check.js
434 silly gunzTarPerm modified mode [ 'test/performance-check.js', 436, 438 ]
435 silly gunzTarPerm extractEntry test/util.js
436 silly gunzTarPerm modified mode [ 'test/util.js', 436, 438 ]
437 silly gunzTarPerm extractEntry test/two-shot.js
438 silly gunzTarPerm modified mode [ 'test/two-shot.js', 436, 438 ]
439 silly gunzTarPerm extractEntry test/verify-events.js
440 silly gunzTarPerm modified mode [ 'test/verify-events.js', 436, 438 ]
441 silly gunzTarPerm extractEntry test/one-shot.js
442 silly gunzTarPerm modified mode [ 'test/one-shot.js', 436, 438 ]
443 silly gunzTarPerm extractEntry test/run-tests
444 silly gunzTarPerm modified mode [ 'test/run-tests', 509, 511 ]
445 silly gunzTarPerm extractEntry CHANGELOG.md
446 silly gunzTarPerm modified mode [ 'CHANGELOG.md', 436, 438 ]
447 silly gunzTarPerm extractEntry dist/async.js
448 silly gunzTarPerm modified mode [ 'dist/async.js', 436, 438 ]
449 silly gunzTarPerm extractEntry dist/async.min.js
450 silly gunzTarPerm modified mode [ 'dist/async.min.js', 436, 438 ]
451 silly gunzTarPerm extractEntry lib/async.js
452 silly gunzTarPerm modified mode [ 'lib/async.js', 436, 438 ]
453 silly gunzTarPerm extractEntry doc/converters.md
454 silly gunzTarPerm modified mode [ 'doc/converters.md', 436, 438 ]
455 silly gunzTarPerm extractEntry doc/errors.md
456 silly gunzTarPerm modified mode [ 'doc/errors.md', 436, 438 ]
457 silly gentlyRm F:\website\ipl5th_sem_working\node_modules\.staging\bindings-a4e2bdf1\node_modules is being purged
458 verbose gentlyRm don't care about contents; nuking F:\website\ipl5th_sem_working\node_modules\.staging\bindings-a4e2bdf1\node_modules
459 silly gunzTarPerm extractEntry doc/maybe_types.md
460 silly gunzTarPerm modified mode [ 'doc/maybe_types.md', 436, 438 ]
461 silly gunzTarPerm extractEntry doc/methods.md
462 silly gunzTarPerm modified mode [ 'doc/methods.md', 436, 438 ]
463 silly gunzTarPerm extractEntry doc/new.md
464 silly gunzTarPerm modified mode [ 'doc/new.md', 436, 438 ]
465 silly gunzTarPerm extractEntry doc/buffers.md
466 silly gunzTarPerm modified mode [ 'doc/buffers.md', 436, 438 ]
467 silly gunzTarPerm extractEntry doc/object_wrappers.md
468 silly gunzTarPerm modified mode [ 'doc/object_wrappers.md', 436, 438 ]
469 silly gunzTarPerm extractEntry doc/persistent.md
470 silly gunzTarPerm modified mode [ 'doc/persistent.md', 436, 438 ]
471 silly gunzTarPerm extractEntry doc/scopes.md
472 silly gunzTarPerm modified mode [ 'doc/scopes.md', 436, 438 ]
473 silly gunzTarPerm extractEntry doc/script.md
474 silly gunzTarPerm modified mode [ 'doc/script.md', 436, 438 ]
475 silly gunzTarPerm extractEntry doc/string_bytes.md
476 silly gunzTarPerm modified mode [ 'doc/string_bytes.md', 436, 438 ]
477 silly gunzTarPerm extractEntry doc/v8_internals.md
478 silly gunzTarPerm modified mode [ 'doc/v8_internals.md', 436, 438 ]
479 silly gunzTarPerm extractEntry doc/v8_misc.md
480 silly gunzTarPerm modified mode [ 'doc/v8_misc.md', 436, 438 ]
481 silly gentlyRm F:\website\ipl5th_sem_working\node_modules\.staging\rpi-gpio-dfddee29\node_modules is being purged
482 verbose gentlyRm don't care about contents; nuking F:\website\ipl5th_sem_working\node_modules\.staging\rpi-gpio-dfddee29\node_modules
483 silly gunzTarPerm extractEntry nan.h
484 silly gunzTarPerm modified mode [ 'nan.h', 436, 438 ]
485 silly gunzTarPerm extractEntry nan_callbacks.h
486 silly gunzTarPerm modified mode [ 'nan_callbacks.h', 436, 438 ]
487 silly gentlyRm F:\website\ipl5th_sem_working\node_modules\.staging\async-b0feb286\node_modules is being purged
488 verbose gentlyRm don't care about contents; nuking F:\website\ipl5th_sem_working\node_modules\.staging\async-b0feb286\node_modules
489 silly gunzTarPerm extractEntry nan_callbacks_12_inl.h
490 silly gunzTarPerm modified mode [ 'nan_callbacks_12_inl.h', 436, 438 ]
491 silly gunzTarPerm extractEntry nan_converters.h
492 silly gunzTarPerm modified mode [ 'nan_converters.h', 436, 438 ]
493 silly gunzTarPerm extractEntry nan_converters_43_inl.h
494 silly gunzTarPerm modified mode [ 'nan_converters_43_inl.h', 436, 438 ]
495 silly gunzTarPerm extractEntry nan_converters_pre_43_inl.h
496 silly gunzTarPerm modified mode [ 'nan_converters_pre_43_inl.h', 436, 438 ]
497 silly gunzTarPerm extractEntry nan_implementation_12_inl.h
498 silly gunzTarPerm modified mode [ 'nan_implementation_12_inl.h', 436, 438 ]
499 silly gunzTarPerm extractEntry nan_implementation_pre_12_inl.h
500 silly gunzTarPerm modified mode [ 'nan_implementation_pre_12_inl.h', 436, 438 ]
501 silly gunzTarPerm extractEntry nan_maybe_43_inl.h
502 silly gunzTarPerm modified mode [ 'nan_maybe_43_inl.h', 436, 438 ]
503 silly gunzTarPerm extractEntry nan_maybe_pre_43_inl.h
504 silly gunzTarPerm modified mode [ 'nan_maybe_pre_43_inl.h', 436, 438 ]
505 silly gunzTarPerm extractEntry nan_new.h
506 silly gunzTarPerm modified mode [ 'nan_new.h', 436, 438 ]
507 silly gunzTarPerm extractEntry nan_object_wrap.h
508 silly gunzTarPerm modified mode [ 'nan_object_wrap.h', 436, 438 ]
509 silly gunzTarPerm extractEntry nan_persistent_12_inl.h
510 silly gunzTarPerm modified mode [ 'nan_persistent_12_inl.h', 436, 438 ]
511 silly gunzTarPerm extractEntry nan_persistent_pre_12_inl.h
512 silly gunzTarPerm modified mode [ 'nan_persistent_pre_12_inl.h', 436, 438 ]
513 silly gunzTarPerm extractEntry nan_string_bytes.h
514 silly gunzTarPerm modified mode [ 'nan_string_bytes.h', 436, 438 ]
515 silly gunzTarPerm extractEntry nan_typedarray_contents.h
516 silly gunzTarPerm modified mode [ 'nan_typedarray_contents.h', 436, 438 ]
517 silly gunzTarPerm extractEntry nan_weak.h
518 silly gunzTarPerm modified mode [ 'nan_weak.h', 436, 438 ]
519 silly gunzTarPerm extractEntry tools/package.json
520 silly gunzTarPerm modified mode [ 'tools/package.json', 436, 438 ]
521 silly gunzTarPerm extractEntry tools/README.md
522 silly gunzTarPerm modified mode [ 'tools/README.md', 436, 438 ]
523 silly gunzTarPerm extractEntry tools/1to2.js
524 silly gunzTarPerm modified mode [ 'tools/1to2.js', 509, 511 ]
525 silly gentlyRm F:\website\ipl5th_sem_working\node_modules\.staging\epoll-3c8f161f\node_modules is being purged
526 verbose gentlyRm don't care about contents; nuking F:\website\ipl5th_sem_working\node_modules\.staging\epoll-3c8f161f\node_modules
527 silly gentlyRm F:\website\ipl5th_sem_working\node_modules\.staging\nan-d885283d\node_modules is being purged
528 verbose gentlyRm don't care about contents; nuking F:\website\ipl5th_sem_working\node_modules\.staging\nan-d885283d\node_modules
529 silly doParallel preinstall 5
530 silly preinstall bindings@1.2.1 F:\website\ipl5th_sem_working\node_modules\.staging\bindings-a4e2bdf1
531 info lifecycle bindings@1.2.1~preinstall: bindings@1.2.1
532 silly preinstall nan@2.4.0 F:\website\ipl5th_sem_working\node_modules\.staging\nan-d885283d
533 info lifecycle nan@2.4.0~preinstall: nan@2.4.0
534 silly preinstall async@1.5.2 F:\website\ipl5th_sem_working\node_modules\.staging\async-b0feb286
535 info lifecycle async@1.5.2~preinstall: async@1.5.2
536 silly preinstall epoll@0.1.20 F:\website\ipl5th_sem_working\node_modules\.staging\epoll-3c8f161f
537 info lifecycle epoll@0.1.20~preinstall: epoll@0.1.20
538 silly preinstall rpi-gpio@0.7.0 F:\website\ipl5th_sem_working\node_modules\.staging\rpi-gpio-dfddee29
539 info lifecycle rpi-gpio@0.7.0~preinstall: rpi-gpio@0.7.0
540 silly lifecycle bindings@1.2.1~preinstall: no script for preinstall, continuing
541 silly lifecycle nan@2.4.0~preinstall: no script for preinstall, continuing
542 silly lifecycle async@1.5.2~preinstall: no script for preinstall, continuing
543 silly lifecycle epoll@0.1.20~preinstall: no script for preinstall, continuing
544 silly lifecycle rpi-gpio@0.7.0~preinstall: no script for preinstall, continuing
545 silly doReverseSerial remove 0
546 silly doSerial move 0
547 silly doSerial finalize 5
548 silly finalize F:\website\ipl5th_sem_working\node_modules\bindings
549 silly finalize F:\website\ipl5th_sem_working\node_modules\nan
550 silly finalize F:\website\ipl5th_sem_working\node_modules\async
551 silly finalize F:\website\ipl5th_sem_working\node_modules\epoll
552 silly finalize F:\website\ipl5th_sem_working\node_modules\rpi-gpio
553 silly doSerial build 5
554 silly build bindings@1.2.1
555 info linkStuff bindings@1.2.1
556 silly linkStuff bindings@1.2.1 has F:\website\ipl5th_sem_working\node_modules as its parent node_modules
557 verbose linkBins bindings@1.2.1
558 verbose linkMans bindings@1.2.1
559 silly build nan@2.4.0
560 info linkStuff nan@2.4.0
561 silly linkStuff nan@2.4.0 has F:\website\ipl5th_sem_working\node_modules as its parent node_modules
562 verbose linkBins nan@2.4.0
563 verbose linkMans nan@2.4.0
564 silly build async@1.5.2
565 info linkStuff async@1.5.2
566 silly linkStuff async@1.5.2 has F:\website\ipl5th_sem_working\node_modules as its parent node_modules
567 verbose linkBins async@1.5.2
568 verbose linkMans async@1.5.2
569 silly build epoll@0.1.20
570 info linkStuff epoll@0.1.20
571 silly linkStuff epoll@0.1.20 has F:\website\ipl5th_sem_working\node_modules as its parent node_modules
572 verbose linkBins epoll@0.1.20
573 verbose linkMans epoll@0.1.20
574 silly build rpi-gpio@0.7.0
575 info linkStuff rpi-gpio@0.7.0
576 silly linkStuff rpi-gpio@0.7.0 has F:\website\ipl5th_sem_working\node_modules as its parent node_modules
577 verbose linkBins rpi-gpio@0.7.0
578 verbose linkMans rpi-gpio@0.7.0
579 silly doSerial global-link 0
580 silly doParallel update-linked 0
581 silly doSerial install 5
582 silly install bindings@1.2.1 F:\website\ipl5th_sem_working\node_modules\.staging\bindings-a4e2bdf1
583 info lifecycle bindings@1.2.1~install: bindings@1.2.1
584 silly lifecycle bindings@1.2.1~install: no script for install, continuing
585 silly install nan@2.4.0 F:\website\ipl5th_sem_working\node_modules\.staging\nan-d885283d
586 info lifecycle nan@2.4.0~install: nan@2.4.0
587 silly lifecycle nan@2.4.0~install: no script for install, continuing
588 silly install async@1.5.2 F:\website\ipl5th_sem_working\node_modules\.staging\async-b0feb286
589 info lifecycle async@1.5.2~install: async@1.5.2
590 silly lifecycle async@1.5.2~install: no script for install, continuing
591 silly install epoll@0.1.20 F:\website\ipl5th_sem_working\node_modules\.staging\epoll-3c8f161f
592 info lifecycle epoll@0.1.20~install: epoll@0.1.20
593 verbose lifecycle epoll@0.1.20~install: unsafe-perm in lifecycle true
594 verbose lifecycle epoll@0.1.20~install: PATH: C:\Users\rajeev\AppData\Roaming\npm\node_modules\npm\bin\node-gyp-bin;F:\website\ipl5th_sem_working\node_modules\epoll\node_modules\.bin;F:\website\ipl5th_sem_working\node_modules\.bin;C:\ProgramData\Oracle\Java\javapath;C:\Program Files (x86)\Intel\iCLS Client\;C:\Program Files\Intel\iCLS Client\;C:\Program Files (x86)\NVIDIA Corporation\PhysX\Common;C:\WINDOWS\system32;C:\WINDOWS;C:\WINDOWS\System32\Wbem;C:\WINDOWS\System32\WindowsPowerShell\v1.0\;C:\Program Files\Hewlett-Packard\SimplePass\;C:\Program Files (x86)\Microsoft SQL Server\90\Tools\binn\;C:\Program Files (x86)\Common Files\lenovo\easyplussdk\bin;C:\Program Files (x86)\Windows Live\Shared;F:\wamp\bin\php\php5.5.12;C:\ProgramData\ComposerSetup\bin;C:\Xilinx91i\bin\nt64;C:\Program Files\Git\cmd;C:\Program Files (x86)\Skype\Phone\;C:\Program Files\Microsoft\Web Platform Installer\;C:\Program Files (x86)\Microsoft ASP.NET\ASP.NET Web Pages\v1.0\;C:\Program Files\Microsoft SQL Server\110\Tools\Binn\;C:\Program Files\nodejs\;C:\Program Files (x86)\Heroku\bin;C:\Program Files (x86)\git\cmd;C:\Program Files\Intel\Intel(R) Management Engine Components\DAL;C:\Program Files\Intel\Intel(R) Management Engine Components\IPT;C:\Users\rajeev\AppData\Roaming\npm;%USERPROFILE%\AppData\Local\Microsoft\WindowsApps;
595 verbose lifecycle epoll@0.1.20~install: CWD: F:\website\ipl5th_sem_working\node_modules\epoll
596 silly lifecycle epoll@0.1.20~install: Args: [ '/d /s /c', 'node-gyp rebuild' ]
597 silly lifecycle epoll@0.1.20~install: Returned: code: 1  signal: null
598 info lifecycle epoll@0.1.20~install: Failed to exec install script
599 verbose unlock done using C:\Users\rajeev\AppData\Roaming\npm-cache\_locks\staging-e7341d6606ac976f.lock for F:\website\ipl5th_sem_working\node_modules\.staging
600 silly rollbackFailedOptional Starting
601 silly rollbackFailedOptional Finishing
602 silly runTopLevelLifecycles Finishing
603 silly install printInstalled
604 warn flms@1.0.0 No description
605 warn flms@1.0.0 No repository field.
606 verbose stack Error: epoll@0.1.20 install: `node-gyp rebuild`
606 verbose stack Exit status 1
606 verbose stack     at EventEmitter.<anonymous> (C:\Users\rajeev\AppData\Roaming\npm\node_modules\npm\lib\utils\lifecycle.js:255:16)
606 verbose stack     at emitTwo (events.js:87:13)
606 verbose stack     at EventEmitter.emit (events.js:172:7)
606 verbose stack     at ChildProcess.<anonymous> (C:\Users\rajeev\AppData\Roaming\npm\node_modules\npm\lib\utils\spawn.js:40:14)
606 verbose stack     at emitTwo (events.js:87:13)
606 verbose stack     at ChildProcess.emit (events.js:172:7)
606 verbose stack     at maybeClose (internal/child_process.js:821:16)
606 verbose stack     at Process.ChildProcess._handle.onexit (internal/child_process.js:211:5)
607 verbose pkgid epoll@0.1.20
608 verbose cwd F:\website\ipl5th_sem_working
609 error Windows_NT 10.0.14393
610 error argv "C:\\Program Files\\nodejs\\node.exe" "C:\\Users\\rajeev\\AppData\\Roaming\\npm\\node_modules\\npm\\bin\\npm-cli.js" "install" "rpi-gpio"
611 error node v4.2.6
612 error npm  v3.10.7
613 error code ELIFECYCLE
614 error epoll@0.1.20 install: `node-gyp rebuild`
614 error Exit status 1
615 error Failed at the epoll@0.1.20 install script 'node-gyp rebuild'.
615 error Make sure you have the latest version of node.js and npm installed.
615 error If you do, this is most likely a problem with the epoll package,
615 error not with npm itself.
615 error Tell the author that this fails on your system:
615 error     node-gyp rebuild
615 error You can get information on how to open an issue for this project with:
615 error     npm bugs epoll
615 error Or if that isn't available, you can get their info via:
615 error     npm owner ls epoll
615 error There is likely additional logging output above.
616 verbose exit [ 1, true ]
